{"/home/victory/Desktop/OSS/ambianic-subscriptions/docs/src/ApiClient.js": {"path":"/home/victory/Desktop/OSS/ambianic-subscriptions/docs/src/ApiClient.js","statementMap":{"0":{"start":{"line":15,"column":0},"end":{"line":15,"column":null}},"1":{"start":{"line":16,"column":0},"end":{"line":16,"column":null}},"2":{"start":{"line":31,"column":18},"end":{"line":31,"column":null}},"3":{"start":{"line":37,"column":8},"end":{"line":37,"column":13}},"4":{"start":{"line":43,"column":8},"end":{"line":43,"column":13}},"5":{"start":{"line":51,"column":8},"end":{"line":51,"column":13}},"6":{"start":{"line":60,"column":8},"end":{"line":60,"column":13}},"7":{"start":{"line":68,"column":8},"end":{"line":68,"column":13}},"8":{"start":{"line":75,"column":8},"end":{"line":75,"column":13}},"9":{"start":{"line":81,"column":8},"end":{"line":83,"column":null}},"10":{"start":{"line":82,"column":10},"end":{"line":82,"column":15}},"11":{"start":{"line":88,"column":9},"end":{"line":88,"column":14}},"12":{"start":{"line":93,"column":8},"end":{"line":93,"column":13}},"13":{"start":{"line":103,"column":8},"end":{"line":105,"column":null}},"14":{"start":{"line":104,"column":12},"end":{"line":104,"column":19}},"15":{"start":{"line":106,"column":8},"end":{"line":108,"column":null}},"16":{"start":{"line":107,"column":12},"end":{"line":107,"column":19}},"17":{"start":{"line":109,"column":8},"end":{"line":111,"column":null}},"18":{"start":{"line":110,"column":12},"end":{"line":110,"column":19}},"19":{"start":{"line":113,"column":8},"end":{"line":113,"column":15}},"20":{"start":{"line":140,"column":44},"end":{"line":140,"column":null}},"21":{"start":{"line":141,"column":8},"end":{"line":143,"column":null}},"22":{"start":{"line":142,"column":12},"end":{"line":142,"column":16}},"23":{"start":{"line":145,"column":18},"end":{"line":145,"column":null}},"24":{"start":{"line":148,"column":8},"end":{"line":150,"column":null}},"25":{"start":{"line":149,"column":12},"end":{"line":149,"column":15}},"26":{"start":{"line":152,"column":8},"end":{"line":152,"column":11}},"27":{"start":{"line":154,"column":12},"end":{"line":158,"column":null}},"28":{"start":{"line":155,"column":16},"end":{"line":155,"column":21}},"29":{"start":{"line":157,"column":16},"end":{"line":157,"column":21}},"30":{"start":{"line":160,"column":12},"end":{"line":160,"column":19}},"31":{"start":{"line":163,"column":8},"end":{"line":163,"column":15}},"32":{"start":{"line":178,"column":8},"end":{"line":178,"column":15}},"33":{"start":{"line":187,"column":8},"end":{"line":191,"column":null}},"34":{"start":{"line":187,"column":21},"end":{"line":187,"column":24}},"35":{"start":{"line":188,"column":12},"end":{"line":190,"column":null}},"36":{"start":{"line":189,"column":16},"end":{"line":189,"column":23}},"37":{"start":{"line":193,"column":8},"end":{"line":193,"column":15}},"38":{"start":{"line":203,"column":8},"end":{"line":211,"column":null}},"39":{"start":{"line":205,"column":12},"end":{"line":207,"column":null}},"40":{"start":{"line":206,"column":16},"end":{"line":206,"column":18}},"41":{"start":{"line":208,"column":12},"end":{"line":210,"column":null}},"42":{"start":{"line":209,"column":16},"end":{"line":209,"column":23}},"43":{"start":{"line":214,"column":8},"end":{"line":216,"column":null}},"44":{"start":{"line":215,"column":12},"end":{"line":215,"column":19}},"45":{"start":{"line":219,"column":8},"end":{"line":221,"column":null}},"46":{"start":{"line":220,"column":12},"end":{"line":220,"column":19}},"47":{"start":{"line":224,"column":8},"end":{"line":226,"column":null}},"48":{"start":{"line":225,"column":12},"end":{"line":225,"column":19}},"49":{"start":{"line":228,"column":8},"end":{"line":228,"column":15}},"50":{"start":{"line":242,"column":24},"end":{"line":242,"column":null}},"51":{"start":{"line":243,"column":8},"end":{"line":252,"column":null}},"52":{"start":{"line":244,"column":12},"end":{"line":251,"column":null}},"53":{"start":{"line":245,"column":28},"end":{"line":245,"column":35}},"54":{"start":{"line":246,"column":16},"end":{"line":250,"column":null}},"55":{"start":{"line":247,"column":20},"end":{"line":247,"column":29}},"56":{"start":{"line":249,"column":20},"end":{"line":249,"column":29}},"57":{"start":{"line":254,"column":8},"end":{"line":254,"column":15}},"58":{"start":{"line":265,"column":8},"end":{"line":267,"column":null}},"59":{"start":{"line":266,"column":12},"end":{"line":266,"column":19}},"60":{"start":{"line":268,"column":8},"end":{"line":268,"column":16}},"61":{"start":{"line":270,"column":16},"end":{"line":270,"column":23}},"62":{"start":{"line":272,"column":16},"end":{"line":272,"column":23}},"63":{"start":{"line":274,"column":16},"end":{"line":274,"column":23}},"64":{"start":{"line":276,"column":16},"end":{"line":276,"column":23}},"65":{"start":{"line":279,"column":16},"end":{"line":279,"column":23}},"66":{"start":{"line":281,"column":16},"end":{"line":281,"column":23}},"67":{"start":{"line":283,"column":16},"end":{"line":283,"column":22}},"68":{"start":{"line":292,"column":43},"end":{"line":292,"column":null}},"69":{"start":{"line":293,"column":8},"end":{"line":293,"column":17}},"70":{"start":{"line":294,"column":23},"end":{"line":294,"column":27}},"71":{"start":{"line":295,"column":12},"end":{"line":295,"column":20}},"72":{"start":{"line":297,"column":20},"end":{"line":299,"column":null}},"73":{"start":{"line":298,"column":24},"end":{"line":298,"column":31}},"74":{"start":{"line":301,"column":20},"end":{"line":301,"column":null}},"75":{"start":{"line":303,"column":20},"end":{"line":308,"column":null}},"76":{"start":{"line":304,"column":50},"end":{"line":306,"column":null}},"77":{"start":{"line":307,"column":24},"end":{"line":307,"column":31}},"78":{"start":{"line":310,"column":20},"end":{"line":310,"column":null}},"79":{"start":{"line":312,"column":20},"end":{"line":325,"column":null}},"80":{"start":{"line":313,"column":35},"end":{"line":313,"column":null}},"81":{"start":{"line":314,"column":24},"end":{"line":318,"column":null}},"82":{"start":{"line":315,"column":28},"end":{"line":315,"column":32}},"83":{"start":{"line":317,"column":28},"end":{"line":317,"column":32}},"84":{"start":{"line":320,"column":24},"end":{"line":324,"column":null}},"85":{"start":{"line":321,"column":28},"end":{"line":321,"column":35}},"86":{"start":{"line":323,"column":28},"end":{"line":323,"column":35}},"87":{"start":{"line":327,"column":20},"end":{"line":327,"column":null}},"88":{"start":{"line":329,"column":20},"end":{"line":331,"column":null}},"89":{"start":{"line":330,"column":24},"end":{"line":330,"column":31}},"90":{"start":{"line":333,"column":20},"end":{"line":333,"column":null}},"91":{"start":{"line":335,"column":20},"end":{"line":335,"column":26}},"92":{"start":{"line":350,"column":8},"end":{"line":352,"column":null}},"93":{"start":{"line":351,"column":12},"end":{"line":351,"column":19}},"94":{"start":{"line":356,"column":19},"end":{"line":356,"column":null}},"95":{"start":{"line":357,"column":8},"end":{"line":360,"column":null}},"96":{"start":{"line":359,"column":12},"end":{"line":359,"column":16}},"97":{"start":{"line":362,"column":8},"end":{"line":362,"column":15}},"98":{"start":{"line":393,"column":43},"end":{"line":393,"column":null}},"99":{"start":{"line":395,"column":18},"end":{"line":395,"column":23}},"100":{"start":{"line":396,"column":22},"end":{"line":396,"column":33}},"101":{"start":{"line":398,"column":8},"end":{"line":404,"column":null}},"102":{"start":{"line":399,"column":12},"end":{"line":403,"column":null}},"103":{"start":{"line":400,"column":16},"end":{"line":402,"column":null}},"104":{"start":{"line":401,"column":20},"end":{"line":401,"column":27}},"105":{"start":{"line":407,"column":8},"end":{"line":407,"column":13}},"106":{"start":{"line":410,"column":8},"end":{"line":412,"column":null}},"107":{"start":{"line":411,"column":12},"end":{"line":411,"column":23}},"108":{"start":{"line":414,"column":8},"end":{"line":414,"column":15}},"109":{"start":{"line":417,"column":8},"end":{"line":417,"column":15}},"110":{"start":{"line":420,"column":8},"end":{"line":422,"column":null}},"111":{"start":{"line":421,"column":10},"end":{"line":421,"column":17}},"112":{"start":{"line":425,"column":8},"end":{"line":425,"column":15}},"113":{"start":{"line":427,"column":26},"end":{"line":427,"column":31}},"114":{"start":{"line":428,"column":8},"end":{"line":433,"column":null}},"115":{"start":{"line":430,"column":12},"end":{"line":432,"column":null}},"116":{"start":{"line":431,"column":16},"end":{"line":431,"column":23}},"117":{"start":{"line":435,"column":8},"end":{"line":459,"column":null}},"118":{"start":{"line":436,"column":12},"end":{"line":436,"column":19}},"119":{"start":{"line":437,"column":15},"end":{"line":459,"column":null}},"120":{"start":{"line":438,"column":30},"end":{"line":438,"column":35}},"121":{"start":{"line":439,"column":12},"end":{"line":453,"column":null}},"122":{"start":{"line":440,"column":16},"end":{"line":452,"column":null}},"123":{"start":{"line":441,"column":43},"end":{"line":441,"column":55}},"124":{"start":{"line":442,"column":20},"end":{"line":451,"column":null}},"125":{"start":{"line":444,"column":24},"end":{"line":444,"column":31}},"126":{"start":{"line":445,"column":27},"end":{"line":451,"column":null}},"127":{"start":{"line":448,"column":24},"end":{"line":448,"column":40}},"128":{"start":{"line":448,"column":53},"end":{"line":448,"column":57}},"129":{"start":{"line":450,"column":24},"end":{"line":450,"column":31}},"130":{"start":{"line":454,"column":15},"end":{"line":459,"column":null}},"131":{"start":{"line":455,"column":12},"end":{"line":457,"column":null}},"132":{"start":{"line":456,"column":16},"end":{"line":456,"column":23}},"133":{"start":{"line":458,"column":12},"end":{"line":458,"column":19}},"134":{"start":{"line":461,"column":21},"end":{"line":461,"column":26}},"135":{"start":{"line":462,"column":8},"end":{"line":464,"column":null}},"136":{"start":{"line":463,"column":12},"end":{"line":463,"column":19}},"137":{"start":{"line":466,"column":8},"end":{"line":470,"column":null}},"138":{"start":{"line":467,"column":10},"end":{"line":467,"column":17}},"139":{"start":{"line":468,"column":15},"end":{"line":470,"column":null}},"140":{"start":{"line":469,"column":10},"end":{"line":469,"column":17}},"141":{"start":{"line":473,"column":8},"end":{"line":480,"column":null}},"142":{"start":{"line":474,"column":12},"end":{"line":479,"column":null}},"143":{"start":{"line":475,"column":16},"end":{"line":475,"column":21}},"144":{"start":{"line":478,"column":16},"end":{"line":478,"column":23}},"145":{"start":{"line":482,"column":8},"end":{"line":482,"column":15}},"146":{"start":{"line":483,"column":12},"end":{"line":497,"column":null}},"147":{"start":{"line":484,"column":27},"end":{"line":484,"column":null}},"148":{"start":{"line":485,"column":16},"end":{"line":494,"column":null}},"149":{"start":{"line":486,"column":20},"end":{"line":493,"column":null}},"150":{"start":{"line":487,"column":24},"end":{"line":487,"column":28}},"151":{"start":{"line":488,"column":24},"end":{"line":490,"column":null}},"152":{"start":{"line":489,"column":28},"end":{"line":489,"column":32}},"153":{"start":{"line":492,"column":24},"end":{"line":492,"column":29}},"154":{"start":{"line":496,"column":16},"end":{"line":496,"column":24}},"155":{"start":{"line":500,"column":8},"end":{"line":500,"column":15}},"156":{"start":{"line":588,"column":8},"end":{"line":588,"column":15}},"157":{"start":{"line":600,"column":49},"end":{"line":600,"column":48}},"158":{"start":{"line":601,"column":22},"end":{"line":601,"column":27}},"159":{"start":{"line":604,"column":8},"end":{"line":606,"column":null}},"160":{"start":{"line":605,"column":12},"end":{"line":605,"column":18}},"161":{"start":{"line":608,"column":21},"end":{"line":608,"column":29}},"162":{"start":{"line":609,"column":18},"end":{"line":609,"column":25}},"163":{"start":{"line":612,"column":8},"end":{"line":624,"column":null}},"164":{"start":{"line":613,"column":12},"end":{"line":623,"column":null}},"165":{"start":{"line":614,"column":31},"end":{"line":614,"column":37}},"166":{"start":{"line":615,"column":16},"end":{"line":619,"column":null}},"167":{"start":{"line":616,"column":20},"end":{"line":616,"column":23}},"168":{"start":{"line":618,"column":20},"end":{"line":618,"column":26}},"169":{"start":{"line":622,"column":16},"end":{"line":622,"column":19}},"170":{"start":{"line":625,"column":8},"end":{"line":625,"column":15}},"171":{"start":{"line":122,"column":8},"end":{"line":122,"column":71}},"172":{"start":{"line":122,"column":64},"end":{"line":122,"column":71}},"173":{"start":{"line":123,"column":8},"end":{"line":129,"column":null}},"174":{"start":{"line":124,"column":25},"end":{"line":124,"column":28}},"175":{"start":{"line":125,"column":12},"end":{"line":125,"column":19}},"176":{"start":{"line":128,"column":12},"end":{"line":128,"column":19}},"177":{"start":{"line":509,"column":8},"end":{"line":511,"column":null}},"178":{"start":{"line":510,"column":12},"end":{"line":510,"column":19}},"179":{"start":{"line":512,"column":8},"end":{"line":512,"column":15}},"180":{"start":{"line":525,"column":8},"end":{"line":526,"column":19}},"181":{"start":{"line":526,"column":12},"end":{"line":526,"column":19}},"182":{"start":{"line":528,"column":8},"end":{"line":528,"column":16}},"183":{"start":{"line":530,"column":16},"end":{"line":530,"column":23}},"184":{"start":{"line":532,"column":16},"end":{"line":532,"column":23}},"185":{"start":{"line":534,"column":16},"end":{"line":534,"column":23}},"186":{"start":{"line":536,"column":16},"end":{"line":536,"column":23}},"187":{"start":{"line":538,"column":16},"end":{"line":538,"column":23}},"188":{"start":{"line":540,"column":16},"end":{"line":540,"column":23}},"189":{"start":{"line":542,"column":16},"end":{"line":579,"column":null}},"190":{"start":{"line":544,"column":20},"end":{"line":544,"column":27}},"191":{"start":{"line":545,"column":23},"end":{"line":579,"column":null}},"192":{"start":{"line":547,"column":20},"end":{"line":547,"column":27}},"193":{"start":{"line":548,"column":23},"end":{"line":579,"column":null}},"194":{"start":{"line":550,"column":35},"end":{"line":550,"column":40}},"195":{"start":{"line":552,"column":20},"end":{"line":552,"column":27}},"196":{"start":{"line":553,"column":24},"end":{"line":553,"column":31}},"197":{"start":{"line":555,"column":23},"end":{"line":579,"column":null}},"198":{"start":{"line":558,"column":20},"end":{"line":564,"column":null}},"199":{"start":{"line":559,"column":24},"end":{"line":563,"column":null}},"200":{"start":{"line":560,"column":28},"end":{"line":560,"column":35}},"201":{"start":{"line":561,"column":28},"end":{"line":561,"column":37}},"202":{"start":{"line":562,"column":28},"end":{"line":562,"column":null}},"203":{"start":{"line":566,"column":33},"end":{"line":566,"column":null}},"204":{"start":{"line":567,"column":20},"end":{"line":573,"column":null}},"205":{"start":{"line":568,"column":24},"end":{"line":572,"column":null}},"206":{"start":{"line":569,"column":38},"end":{"line":569,"column":47}},"207":{"start":{"line":570,"column":40},"end":{"line":570,"column":49}},"208":{"start":{"line":571,"column":28},"end":{"line":571,"column":34}},"209":{"start":{"line":575,"column":20},"end":{"line":575,"column":27}},"210":{"start":{"line":578,"column":20},"end":{"line":578,"column":27}},"211":{"start":{"line":634,"column":8},"end":{"line":644,"column":null}},"212":{"start":{"line":635,"column":12},"end":{"line":638,"column":null}},"213":{"start":{"line":635,"column":25},"end":{"line":635,"column":28}},"214":{"start":{"line":636,"column":16},"end":{"line":637,"column":23}},"215":{"start":{"line":637,"column":20},"end":{"line":637,"column":23}},"216":{"start":{"line":640,"column":12},"end":{"line":643,"column":null}},"217":{"start":{"line":641,"column":16},"end":{"line":642,"column":23}},"218":{"start":{"line":642,"column":20},"end":{"line":642,"column":23}},"219":{"start":{"line":653,"column":0},"end":{"line":653,"column":9}},"220":{"start":{"line":689,"column":0},"end":{"line":689,"column":9}},"221":{"start":{"line":690,"column":15},"end":{"line":690,"column":null}}},"fnMap":{"0":{"name":"ApiClient","decl":{"start":{"line":31,"column":4},"end":{"line":31,"column":18}},"loc":{"start":{"line":31,"column":18},"end":{"line":95,"column":null}}},"1":{"name":"paramToString","decl":{"start":{"line":102,"column":4},"end":{"line":102,"column":18}},"loc":{"start":{"line":102,"column":25},"end":{"line":114,"column":null}}},"2":{"name":"buildUrl","decl":{"start":{"line":140,"column":4},"end":{"line":140,"column":13}},"loc":{"start":{"line":140,"column":44},"end":{"line":164,"column":null}}},"3":{"name":"(anonymous_11)","decl":{"start":{"line":152,"column":45},"end":{"line":152,"column":46}},"loc":{"start":{"line":152,"column":65},"end":{"line":161,"column":null}}},"4":{"name":"isJsonMime","decl":{"start":{"line":177,"column":4},"end":{"line":177,"column":15}},"loc":{"start":{"line":177,"column":28},"end":{"line":179,"column":null}}},"5":{"name":"jsonPreferredMime","decl":{"start":{"line":186,"column":4},"end":{"line":186,"column":22}},"loc":{"start":{"line":186,"column":36},"end":{"line":194,"column":null}}},"6":{"name":"isFileParam","decl":{"start":{"line":201,"column":4},"end":{"line":201,"column":16}},"loc":{"start":{"line":201,"column":23},"end":{"line":229,"column":null}}},"7":{"name":"normalizeParams","decl":{"start":{"line":241,"column":4},"end":{"line":241,"column":20}},"loc":{"start":{"line":241,"column":28},"end":{"line":255,"column":null}}},"8":{"name":"buildCollectionParam","decl":{"start":{"line":264,"column":4},"end":{"line":264,"column":25}},"loc":{"start":{"line":264,"column":50},"end":{"line":285,"column":null}}},"9":{"name":"applyAuthToRequest","decl":{"start":{"line":292,"column":4},"end":{"line":292,"column":23}},"loc":{"start":{"line":292,"column":43},"end":{"line":338,"column":null}}},"10":{"name":"(anonymous_18)","decl":{"start":{"line":293,"column":26},"end":{"line":293,"column":27}},"loc":{"start":{"line":293,"column":40},"end":{"line":337,"column":null}}},"11":{"name":"deserialize","decl":{"start":{"line":349,"column":4},"end":{"line":349,"column":16}},"loc":{"start":{"line":349,"column":38},"end":{"line":363,"column":null}}},"12":{"name":"callApi","decl":{"start":{"line":391,"column":4},"end":{"line":391,"column":12}},"loc":{"start":{"line":393,"column":43},"end":{"line":501,"column":null}}},"13":{"name":"(anonymous_21)","decl":{"start":{"line":448,"column":49},"end":{"line":448,"column":53}},"loc":{"start":{"line":448,"column":53},"end":{"line":448,"column":57}}},"14":{"name":"(anonymous_22)","decl":{"start":{"line":482,"column":20},"end":{"line":482,"column":21}},"loc":{"start":{"line":482,"column":41},"end":{"line":498,"column":null}}},"15":{"name":"hostSettings","decl":{"start":{"line":587,"column":4},"end":{"line":587,"column":19}},"loc":{"start":{"line":587,"column":19},"end":{"line":598,"column":null}}},"16":{"name":"getBasePathFromSettings","decl":{"start":{"line":600,"column":4},"end":{"line":600,"column":28}},"loc":{"start":{"line":600,"column":49},"end":{"line":626,"column":null}}},"17":{"name":"canBeJsonified","decl":{"start":{"line":121,"column":4},"end":{"line":121,"column":26}},"loc":{"start":{"line":121,"column":31},"end":{"line":130,"column":null}}},"18":{"name":"parseDate","decl":{"start":{"line":508,"column":4},"end":{"line":508,"column":21}},"loc":{"start":{"line":508,"column":26},"end":{"line":513,"column":null}}},"19":{"name":"convertToType","decl":{"start":{"line":524,"column":4},"end":{"line":524,"column":25}},"loc":{"start":{"line":524,"column":37},"end":{"line":581,"column":null}}},"20":{"name":"(anonymous_28)","decl":{"start":{"line":552,"column":36},"end":{"line":552,"column":37}},"loc":{"start":{"line":552,"column":46},"end":{"line":554,"column":null}}},"21":{"name":"constructFromObject","decl":{"start":{"line":633,"column":4},"end":{"line":633,"column":31}},"loc":{"start":{"line":633,"column":52},"end":{"line":645,"column":null}}}},"branchMap":{"0":{"loc":{"start":{"line":81,"column":8},"end":{"line":83,"column":null}},"type":"if","locations":[{"start":{"line":81,"column":8},"end":{"line":83,"column":null}},{"start":{"line":81,"column":8},"end":{"line":83,"column":null}}]},"1":{"loc":{"start":{"line":103,"column":8},"end":{"line":105,"column":null}},"type":"if","locations":[{"start":{"line":103,"column":8},"end":{"line":105,"column":null}},{"start":{"line":103,"column":8},"end":{"line":105,"column":null}}]},"2":{"loc":{"start":{"line":103,"column":12},"end":{"line":103,"column":34}},"type":"binary-expr","locations":[{"start":{"line":103,"column":12},"end":{"line":103,"column":34}},{"start":{"line":103,"column":34},"end":{"line":103,"column":49}}]},"3":{"loc":{"start":{"line":106,"column":8},"end":{"line":108,"column":null}},"type":"if","locations":[{"start":{"line":106,"column":8},"end":{"line":108,"column":null}},{"start":{"line":106,"column":8},"end":{"line":108,"column":null}}]},"4":{"loc":{"start":{"line":109,"column":8},"end":{"line":111,"column":null}},"type":"if","locations":[{"start":{"line":109,"column":8},"end":{"line":111,"column":null}},{"start":{"line":109,"column":8},"end":{"line":111,"column":null}}]},"5":{"loc":{"start":{"line":141,"column":8},"end":{"line":143,"column":null}},"type":"if","locations":[{"start":{"line":141,"column":8},"end":{"line":143,"column":null}},{"start":{"line":141,"column":8},"end":{"line":143,"column":null}}]},"6":{"loc":{"start":{"line":148,"column":8},"end":{"line":150,"column":null}},"type":"if","locations":[{"start":{"line":148,"column":8},"end":{"line":150,"column":null}},{"start":{"line":148,"column":8},"end":{"line":150,"column":null}}]},"7":{"loc":{"start":{"line":148,"column":12},"end":{"line":148,"column":36}},"type":"binary-expr","locations":[{"start":{"line":148,"column":12},"end":{"line":148,"column":36}},{"start":{"line":148,"column":36},"end":{"line":148,"column":63}}]},"8":{"loc":{"start":{"line":154,"column":12},"end":{"line":158,"column":null}},"type":"if","locations":[{"start":{"line":154,"column":12},"end":{"line":158,"column":null}},{"start":{"line":154,"column":12},"end":{"line":158,"column":null}}]},"9":{"loc":{"start":{"line":178,"column":23},"end":{"line":178,"column":46}},"type":"binary-expr","locations":[{"start":{"line":178,"column":23},"end":{"line":178,"column":46}},{"start":{"line":178,"column":46},"end":{"line":178,"column":57}}]},"10":{"loc":{"start":{"line":188,"column":12},"end":{"line":190,"column":null}},"type":"if","locations":[{"start":{"line":188,"column":12},"end":{"line":190,"column":null}},{"start":{"line":188,"column":12},"end":{"line":190,"column":null}}]},"11":{"loc":{"start":{"line":203,"column":8},"end":{"line":211,"column":null}},"type":"if","locations":[{"start":{"line":203,"column":8},"end":{"line":211,"column":null}},{"start":{"line":203,"column":8},"end":{"line":211,"column":null}}]},"12":{"loc":{"start":{"line":208,"column":12},"end":{"line":210,"column":null}},"type":"if","locations":[{"start":{"line":208,"column":12},"end":{"line":210,"column":null}},{"start":{"line":208,"column":12},"end":{"line":210,"column":null}}]},"13":{"loc":{"start":{"line":208,"column":16},"end":{"line":208,"column":18}},"type":"binary-expr","locations":[{"start":{"line":208,"column":16},"end":{"line":208,"column":18}},{"start":{"line":208,"column":22},"end":{"line":208,"column":39}},{"start":{"line":208,"column":39},"end":{"line":208,"column":71}}]},"14":{"loc":{"start":{"line":214,"column":8},"end":{"line":216,"column":null}},"type":"if","locations":[{"start":{"line":214,"column":8},"end":{"line":216,"column":null}},{"start":{"line":214,"column":8},"end":{"line":216,"column":null}}]},"15":{"loc":{"start":{"line":214,"column":12},"end":{"line":214,"column":44}},"type":"binary-expr","locations":[{"start":{"line":214,"column":12},"end":{"line":214,"column":44}},{"start":{"line":214,"column":44},"end":{"line":214,"column":69}}]},"16":{"loc":{"start":{"line":219,"column":8},"end":{"line":221,"column":null}},"type":"if","locations":[{"start":{"line":219,"column":8},"end":{"line":221,"column":null}},{"start":{"line":219,"column":8},"end":{"line":221,"column":null}}]},"17":{"loc":{"start":{"line":219,"column":12},"end":{"line":219,"column":42}},"type":"binary-expr","locations":[{"start":{"line":219,"column":12},"end":{"line":219,"column":42}},{"start":{"line":219,"column":42},"end":{"line":219,"column":65}}]},"18":{"loc":{"start":{"line":224,"column":8},"end":{"line":226,"column":null}},"type":"if","locations":[{"start":{"line":224,"column":8},"end":{"line":226,"column":null}},{"start":{"line":224,"column":8},"end":{"line":226,"column":null}}]},"19":{"loc":{"start":{"line":224,"column":12},"end":{"line":224,"column":42}},"type":"binary-expr","locations":[{"start":{"line":224,"column":12},"end":{"line":224,"column":42}},{"start":{"line":224,"column":42},"end":{"line":224,"column":65}}]},"20":{"loc":{"start":{"line":244,"column":12},"end":{"line":251,"column":null}},"type":"if","locations":[{"start":{"line":244,"column":12},"end":{"line":251,"column":null}},{"start":{"line":244,"column":12},"end":{"line":251,"column":null}}]},"21":{"loc":{"start":{"line":244,"column":16},"end":{"line":244,"column":22}},"type":"binary-expr","locations":[{"start":{"line":244,"column":16},"end":{"line":244,"column":22}},{"start":{"line":244,"column":46},"end":{"line":244,"column":74}},{"start":{"line":244,"column":74},"end":{"line":244,"column":95}}]},"22":{"loc":{"start":{"line":246,"column":16},"end":{"line":250,"column":null}},"type":"if","locations":[{"start":{"line":246,"column":16},"end":{"line":250,"column":null}},{"start":{"line":246,"column":16},"end":{"line":250,"column":null}}]},"23":{"loc":{"start":{"line":246,"column":20},"end":{"line":246,"column":25}},"type":"binary-expr","locations":[{"start":{"line":246,"column":20},"end":{"line":246,"column":25}},{"start":{"line":246,"column":47},"end":{"line":246,"column":52}}]},"24":{"loc":{"start":{"line":265,"column":8},"end":{"line":267,"column":null}},"type":"if","locations":[{"start":{"line":265,"column":8},"end":{"line":267,"column":null}},{"start":{"line":265,"column":8},"end":{"line":267,"column":null}}]},"25":{"loc":{"start":{"line":269,"column":12},"end":{"line":270,"column":23}},"type":"switch","locations":[{"start":{"line":269,"column":12},"end":{"line":270,"column":23}},{"start":{"line":271,"column":12},"end":{"line":272,"column":23}},{"start":{"line":273,"column":12},"end":{"line":274,"column":23}},{"start":{"line":275,"column":12},"end":{"line":276,"column":23}},{"start":{"line":277,"column":12},"end":{"line":279,"column":23}},{"start":{"line":280,"column":12},"end":{"line":281,"column":23}},{"start":{"line":282,"column":12},"end":{"line":283,"column":22}}]},"26":{"loc":{"start":{"line":296,"column":16},"end":{"line":301,"column":null}},"type":"switch","locations":[{"start":{"line":296,"column":16},"end":{"line":301,"column":null}},{"start":{"line":302,"column":16},"end":{"line":310,"column":null}},{"start":{"line":311,"column":16},"end":{"line":327,"column":null}},{"start":{"line":328,"column":16},"end":{"line":333,"column":null}},{"start":{"line":334,"column":16},"end":{"line":335,"column":26}}]},"27":{"loc":{"start":{"line":297,"column":20},"end":{"line":299,"column":null}},"type":"if","locations":[{"start":{"line":297,"column":20},"end":{"line":299,"column":null}},{"start":{"line":297,"column":20},"end":{"line":299,"column":null}}]},"28":{"loc":{"start":{"line":297,"column":24},"end":{"line":297,"column":41}},"type":"binary-expr","locations":[{"start":{"line":297,"column":24},"end":{"line":297,"column":41}},{"start":{"line":297,"column":41},"end":{"line":297,"column":56}}]},"29":{"loc":{"start":{"line":298,"column":37},"end":{"line":298,"column":54}},"type":"binary-expr","locations":[{"start":{"line":298,"column":37},"end":{"line":298,"column":54}},{"start":{"line":298,"column":54},"end":{"line":298,"column":58}}]},"30":{"loc":{"start":{"line":298,"column":58},"end":{"line":298,"column":75}},"type":"binary-expr","locations":[{"start":{"line":298,"column":58},"end":{"line":298,"column":75}},{"start":{"line":298,"column":75},"end":{"line":298,"column":null}}]},"31":{"loc":{"start":{"line":303,"column":20},"end":{"line":308,"column":null}},"type":"if","locations":[{"start":{"line":303,"column":20},"end":{"line":308,"column":null}},{"start":{"line":303,"column":20},"end":{"line":308,"column":null}}]},"32":{"loc":{"start":{"line":305,"column":28},"end":{"line":305,"column":32}},"type":"cond-expr","locations":[{"start":{"line":305,"column":28},"end":{"line":305,"column":32}},{"start":{"line":306,"column":28},"end":{"line":306,"column":null}}]},"33":{"loc":{"start":{"line":312,"column":20},"end":{"line":325,"column":null}},"type":"if","locations":[{"start":{"line":312,"column":20},"end":{"line":325,"column":null}},{"start":{"line":312,"column":20},"end":{"line":325,"column":null}}]},"34":{"loc":{"start":{"line":314,"column":24},"end":{"line":318,"column":null}},"type":"if","locations":[{"start":{"line":314,"column":24},"end":{"line":318,"column":null}},{"start":{"line":314,"column":24},"end":{"line":318,"column":null}}]},"35":{"loc":{"start":{"line":320,"column":24},"end":{"line":324,"column":null}},"type":"if","locations":[{"start":{"line":320,"column":24},"end":{"line":324,"column":null}},{"start":{"line":320,"column":24},"end":{"line":324,"column":null}}]},"36":{"loc":{"start":{"line":329,"column":20},"end":{"line":331,"column":null}},"type":"if","locations":[{"start":{"line":329,"column":20},"end":{"line":331,"column":null}},{"start":{"line":329,"column":20},"end":{"line":331,"column":null}}]},"37":{"loc":{"start":{"line":350,"column":8},"end":{"line":352,"column":null}},"type":"if","locations":[{"start":{"line":350,"column":8},"end":{"line":352,"column":null}},{"start":{"line":350,"column":8},"end":{"line":352,"column":null}}]},"38":{"loc":{"start":{"line":350,"column":12},"end":{"line":350,"column":32}},"type":"binary-expr","locations":[{"start":{"line":350,"column":12},"end":{"line":350,"column":32}},{"start":{"line":350,"column":32},"end":{"line":350,"column":54}},{"start":{"line":350,"column":54},"end":{"line":350,"column":78}}]},"39":{"loc":{"start":{"line":357,"column":8},"end":{"line":360,"column":null}},"type":"if","locations":[{"start":{"line":357,"column":8},"end":{"line":360,"column":null}},{"start":{"line":357,"column":8},"end":{"line":360,"column":null}}]},"40":{"loc":{"start":{"line":357,"column":12},"end":{"line":357,"column":29}},"type":"binary-expr","locations":[{"start":{"line":357,"column":12},"end":{"line":357,"column":29}},{"start":{"line":357,"column":29},"end":{"line":357,"column":57}},{"start":{"line":357,"column":57},"end":{"line":357,"column":95}},{"start":{"line":357,"column":95},"end":{"line":357,"column":123}}]},"41":{"loc":{"start":{"line":398,"column":8},"end":{"line":404,"column":null}},"type":"if","locations":[{"start":{"line":398,"column":8},"end":{"line":404,"column":null}},{"start":{"line":398,"column":8},"end":{"line":404,"column":null}}]},"42":{"loc":{"start":{"line":400,"column":16},"end":{"line":402,"column":null}},"type":"if","locations":[{"start":{"line":400,"column":16},"end":{"line":402,"column":null}},{"start":{"line":400,"column":16},"end":{"line":402,"column":null}}]},"43":{"loc":{"start":{"line":410,"column":8},"end":{"line":412,"column":null}},"type":"if","locations":[{"start":{"line":410,"column":8},"end":{"line":412,"column":null}},{"start":{"line":410,"column":8},"end":{"line":412,"column":null}}]},"44":{"loc":{"start":{"line":410,"column":12},"end":{"line":410,"column":50}},"type":"binary-expr","locations":[{"start":{"line":410,"column":12},"end":{"line":410,"column":50}},{"start":{"line":410,"column":50},"end":{"line":410,"column":72}}]},"45":{"loc":{"start":{"line":420,"column":8},"end":{"line":422,"column":null}},"type":"if","locations":[{"start":{"line":420,"column":8},"end":{"line":422,"column":null}},{"start":{"line":420,"column":8},"end":{"line":422,"column":null}}]},"46":{"loc":{"start":{"line":428,"column":8},"end":{"line":433,"column":null}},"type":"if","locations":[{"start":{"line":428,"column":8},"end":{"line":433,"column":null}},{"start":{"line":428,"column":8},"end":{"line":433,"column":null}}]},"47":{"loc":{"start":{"line":430,"column":12},"end":{"line":432,"column":null}},"type":"if","locations":[{"start":{"line":430,"column":12},"end":{"line":432,"column":null}},{"start":{"line":430,"column":12},"end":{"line":432,"column":null}}]},"48":{"loc":{"start":{"line":435,"column":8},"end":{"line":459,"column":null}},"type":"if","locations":[{"start":{"line":435,"column":8},"end":{"line":459,"column":null}},{"start":{"line":435,"column":8},"end":{"line":459,"column":null}}]},"49":{"loc":{"start":{"line":437,"column":15},"end":{"line":459,"column":null}},"type":"if","locations":[{"start":{"line":437,"column":15},"end":{"line":459,"column":null}},{"start":{"line":437,"column":15},"end":{"line":459,"column":null}}]},"50":{"loc":{"start":{"line":440,"column":16},"end":{"line":452,"column":null}},"type":"if","locations":[{"start":{"line":440,"column":16},"end":{"line":452,"column":null}},{"start":{"line":440,"column":16},"end":{"line":452,"column":null}}]},"51":{"loc":{"start":{"line":442,"column":20},"end":{"line":451,"column":null}},"type":"if","locations":[{"start":{"line":442,"column":20},"end":{"line":451,"column":null}},{"start":{"line":442,"column":20},"end":{"line":451,"column":null}}]},"52":{"loc":{"start":{"line":445,"column":27},"end":{"line":451,"column":null}},"type":"if","locations":[{"start":{"line":445,"column":27},"end":{"line":451,"column":null}},{"start":{"line":445,"column":27},"end":{"line":451,"column":null}}]},"53":{"loc":{"start":{"line":445,"column":31},"end":{"line":445,"column":36}},"type":"binary-expr","locations":[{"start":{"line":445,"column":31},"end":{"line":445,"column":36}},{"start":{"line":445,"column":66},"end":{"line":445,"column":null}},{"start":{"line":446,"column":27},"end":{"line":446,"column":32}}]},"54":{"loc":{"start":{"line":454,"column":15},"end":{"line":459,"column":null}},"type":"if","locations":[{"start":{"line":454,"column":15},"end":{"line":459,"column":null}},{"start":{"line":454,"column":15},"end":{"line":459,"column":null}}]},"55":{"loc":{"start":{"line":454,"column":19},"end":{"line":454,"column":41}},"type":"binary-expr","locations":[{"start":{"line":454,"column":19},"end":{"line":454,"column":41}},{"start":{"line":454,"column":41},"end":{"line":454,"column":66}}]},"56":{"loc":{"start":{"line":455,"column":12},"end":{"line":457,"column":null}},"type":"if","locations":[{"start":{"line":455,"column":12},"end":{"line":457,"column":null}},{"start":{"line":455,"column":12},"end":{"line":457,"column":null}}]},"57":{"loc":{"start":{"line":462,"column":8},"end":{"line":464,"column":null}},"type":"if","locations":[{"start":{"line":462,"column":8},"end":{"line":464,"column":null}},{"start":{"line":462,"column":8},"end":{"line":464,"column":null}}]},"58":{"loc":{"start":{"line":466,"column":8},"end":{"line":470,"column":null}},"type":"if","locations":[{"start":{"line":466,"column":8},"end":{"line":470,"column":null}},{"start":{"line":466,"column":8},"end":{"line":470,"column":null}}]},"59":{"loc":{"start":{"line":468,"column":15},"end":{"line":470,"column":null}},"type":"if","locations":[{"start":{"line":468,"column":15},"end":{"line":470,"column":null}},{"start":{"line":468,"column":15},"end":{"line":470,"column":null}}]},"60":{"loc":{"start":{"line":473,"column":8},"end":{"line":480,"column":null}},"type":"if","locations":[{"start":{"line":473,"column":8},"end":{"line":480,"column":null}},{"start":{"line":473,"column":8},"end":{"line":480,"column":null}}]},"61":{"loc":{"start":{"line":474,"column":12},"end":{"line":479,"column":null}},"type":"if","locations":[{"start":{"line":474,"column":12},"end":{"line":479,"column":null}},{"start":{"line":474,"column":12},"end":{"line":479,"column":null}}]},"62":{"loc":{"start":{"line":483,"column":12},"end":{"line":497,"column":null}},"type":"if","locations":[{"start":{"line":483,"column":12},"end":{"line":497,"column":null}},{"start":{"line":483,"column":12},"end":{"line":497,"column":null}}]},"63":{"loc":{"start":{"line":485,"column":16},"end":{"line":494,"column":null}},"type":"if","locations":[{"start":{"line":485,"column":16},"end":{"line":494,"column":null}},{"start":{"line":485,"column":16},"end":{"line":494,"column":null}}]},"64":{"loc":{"start":{"line":488,"column":24},"end":{"line":490,"column":null}},"type":"if","locations":[{"start":{"line":488,"column":24},"end":{"line":490,"column":null}},{"start":{"line":488,"column":24},"end":{"line":490,"column":null}}]},"65":{"loc":{"start":{"line":488,"column":28},"end":{"line":488,"column":50}},"type":"binary-expr","locations":[{"start":{"line":488,"column":28},"end":{"line":488,"column":50}},{"start":{"line":488,"column":50},"end":{"line":488,"column":80}}]},"66":{"loc":{"start":{"line":600,"column":49},"end":{"line":600,"column":null}},"type":"cond-expr","locations":[{"start":{"line":600,"column":49},"end":{"line":600,"column":null}},{"start":{"line":600,"column":45},"end":{"line":600,"column":49}}]},"67":{"loc":{"start":{"line":600,"column":49},"end":{"line":600,"column":null}},"type":"binary-expr","locations":[{"start":{"line":600,"column":49},"end":{"line":600,"column":null}},{"start":{"line":600,"column":49},"end":{"line":600,"column":null}}]},"68":{"loc":{"start":{"line":604,"column":8},"end":{"line":606,"column":null}},"type":"if","locations":[{"start":{"line":604,"column":8},"end":{"line":606,"column":null}},{"start":{"line":604,"column":8},"end":{"line":606,"column":null}}]},"69":{"loc":{"start":{"line":604,"column":12},"end":{"line":604,"column":25}},"type":"binary-expr","locations":[{"start":{"line":604,"column":12},"end":{"line":604,"column":25}},{"start":{"line":604,"column":25},"end":{"line":604,"column":50}}]},"70":{"loc":{"start":{"line":613,"column":12},"end":{"line":623,"column":null}},"type":"if","locations":[{"start":{"line":613,"column":12},"end":{"line":623,"column":null}},{"start":{"line":613,"column":12},"end":{"line":623,"column":null}}]},"71":{"loc":{"start":{"line":615,"column":16},"end":{"line":619,"column":null}},"type":"if","locations":[{"start":{"line":615,"column":16},"end":{"line":619,"column":null}},{"start":{"line":615,"column":16},"end":{"line":619,"column":null}}]},"72":{"loc":{"start":{"line":615,"column":21},"end":{"line":615,"column":23}},"type":"binary-expr","locations":[{"start":{"line":615,"column":21},"end":{"line":615,"column":23}},{"start":{"line":615,"column":53},"end":{"line":615,"column":61}}]},"73":{"loc":{"start":{"line":122,"column":8},"end":{"line":122,"column":71}},"type":"if","locations":[{"start":{"line":122,"column":8},"end":{"line":122,"column":71}},{"start":{"line":122,"column":8},"end":{"line":122,"column":71}}]},"74":{"loc":{"start":{"line":122,"column":12},"end":{"line":122,"column":39}},"type":"binary-expr","locations":[{"start":{"line":122,"column":12},"end":{"line":122,"column":39}},{"start":{"line":122,"column":39},"end":{"line":122,"column":64}}]},"75":{"loc":{"start":{"line":125,"column":19},"end":{"line":125,"column":null}},"type":"binary-expr","locations":[{"start":{"line":125,"column":19},"end":{"line":125,"column":null}},{"start":{"line":126,"column":19},"end":{"line":126,"column":null}}]},"76":{"loc":{"start":{"line":509,"column":8},"end":{"line":511,"column":null}},"type":"if","locations":[{"start":{"line":509,"column":8},"end":{"line":511,"column":null}},{"start":{"line":509,"column":8},"end":{"line":511,"column":null}}]},"77":{"loc":{"start":{"line":525,"column":8},"end":{"line":526,"column":19}},"type":"if","locations":[{"start":{"line":525,"column":8},"end":{"line":526,"column":19}},{"start":{"line":525,"column":8},"end":{"line":526,"column":19}}]},"78":{"loc":{"start":{"line":525,"column":12},"end":{"line":525,"column":29}},"type":"binary-expr","locations":[{"start":{"line":525,"column":12},"end":{"line":525,"column":29}},{"start":{"line":525,"column":29},"end":{"line":525,"column":null}}]},"79":{"loc":{"start":{"line":529,"column":12},"end":{"line":530,"column":23}},"type":"switch","locations":[{"start":{"line":529,"column":12},"end":{"line":530,"column":23}},{"start":{"line":531,"column":12},"end":{"line":532,"column":23}},{"start":{"line":533,"column":12},"end":{"line":534,"column":23}},{"start":{"line":535,"column":12},"end":{"line":536,"column":23}},{"start":{"line":537,"column":12},"end":{"line":538,"column":23}},{"start":{"line":539,"column":12},"end":{"line":540,"column":23}},{"start":{"line":541,"column":12},"end":{"line":579,"column":null}}]},"80":{"loc":{"start":{"line":542,"column":16},"end":{"line":579,"column":null}},"type":"if","locations":[{"start":{"line":542,"column":16},"end":{"line":579,"column":null}},{"start":{"line":542,"column":16},"end":{"line":579,"column":null}}]},"81":{"loc":{"start":{"line":545,"column":23},"end":{"line":579,"column":null}},"type":"if","locations":[{"start":{"line":545,"column":23},"end":{"line":579,"column":null}},{"start":{"line":545,"column":23},"end":{"line":579,"column":null}}]},"82":{"loc":{"start":{"line":548,"column":23},"end":{"line":579,"column":null}},"type":"if","locations":[{"start":{"line":548,"column":23},"end":{"line":579,"column":null}},{"start":{"line":548,"column":23},"end":{"line":579,"column":null}}]},"83":{"loc":{"start":{"line":555,"column":23},"end":{"line":579,"column":null}},"type":"if","locations":[{"start":{"line":555,"column":23},"end":{"line":579,"column":null}},{"start":{"line":555,"column":23},"end":{"line":579,"column":null}}]},"84":{"loc":{"start":{"line":559,"column":24},"end":{"line":563,"column":null}},"type":"if","locations":[{"start":{"line":559,"column":24},"end":{"line":563,"column":null}},{"start":{"line":559,"column":24},"end":{"line":563,"column":null}}]},"85":{"loc":{"start":{"line":568,"column":24},"end":{"line":572,"column":null}},"type":"if","locations":[{"start":{"line":568,"column":24},"end":{"line":572,"column":null}},{"start":{"line":568,"column":24},"end":{"line":572,"column":null}}]},"86":{"loc":{"start":{"line":634,"column":8},"end":{"line":644,"column":null}},"type":"if","locations":[{"start":{"line":634,"column":8},"end":{"line":644,"column":null}},{"start":{"line":634,"column":8},"end":{"line":644,"column":null}}]},"87":{"loc":{"start":{"line":636,"column":16},"end":{"line":637,"column":23}},"type":"if","locations":[{"start":{"line":636,"column":16},"end":{"line":637,"column":23}},{"start":{"line":636,"column":16},"end":{"line":637,"column":23}}]},"88":{"loc":{"start":{"line":641,"column":16},"end":{"line":642,"column":23}},"type":"if","locations":[{"start":{"line":641,"column":16},"end":{"line":642,"column":23}},{"start":{"line":641,"column":16},"end":{"line":642,"column":23}}]}},"s":{"0":1,"1":1,"2":1,"3":1,"4":1,"5":1,"6":1,"7":1,"8":1,"9":1,"10":1,"11":1,"12":1,"13":0,"14":0,"15":0,"16":0,"17":0,"18":0,"19":0,"20":3,"21":3,"22":0,"23":3,"24":3,"25":3,"26":3,"27":0,"28":0,"29":0,"30":0,"31":3,"32":2,"33":6,"34":6,"35":2,"36":0,"37":6,"38":0,"39":0,"40":0,"41":0,"42":0,"43":0,"44":0,"45":0,"46":0,"47":0,"48":0,"49":0,"50":6,"51":6,"52":0,"53":0,"54":0,"55":0,"56":0,"57":6,"58":0,"59":0,"60":0,"61":0,"62":0,"63":0,"64":0,"65":0,"66":0,"67":0,"68":3,"69":3,"70":0,"71":0,"72":0,"73":0,"74":0,"75":0,"76":0,"77":0,"78":0,"79":0,"80":0,"81":0,"82":0,"83":0,"84":0,"85":0,"86":0,"87":0,"88":0,"89":0,"90":0,"91":0,"92":0,"93":0,"94":0,"95":0,"96":0,"97":0,"98":3,"99":3,"100":3,"101":3,"102":0,"103":0,"104":0,"105":3,"106":3,"107":0,"108":3,"109":3,"110":3,"111":0,"112":3,"113":3,"114":3,"115":0,"116":0,"117":3,"118":0,"119":3,"120":0,"121":0,"122":0,"123":0,"124":0,"125":0,"126":0,"127":0,"128":0,"129":0,"130":3,"131":0,"132":0,"133":0,"134":3,"135":3,"136":2,"137":3,"138":0,"139":3,"140":2,"141":3,"142":0,"143":0,"144":0,"145":3,"146":3,"147":0,"148":0,"149":0,"150":0,"151":0,"152":0,"153":0,"154":0,"155":3,"156":0,"157":0,"158":0,"159":0,"160":0,"161":0,"162":0,"163":0,"164":0,"165":0,"166":0,"167":0,"168":0,"169":0,"170":0,"171":0,"172":0,"173":0,"174":0,"175":0,"176":0,"177":0,"178":0,"179":0,"180":0,"181":0,"182":0,"183":0,"184":0,"185":0,"186":0,"187":0,"188":0,"189":0,"190":0,"191":0,"192":0,"193":0,"194":0,"195":0,"196":0,"197":0,"198":0,"199":0,"200":0,"201":0,"202":0,"203":0,"204":0,"205":0,"206":0,"207":0,"208":0,"209":0,"210":0,"211":0,"212":0,"213":0,"214":0,"215":0,"216":0,"217":0,"218":0,"219":1,"220":1,"221":1},"f":{"0":1,"1":0,"2":3,"3":0,"4":2,"5":6,"6":0,"7":6,"8":0,"9":3,"10":0,"11":0,"12":3,"13":0,"14":3,"15":0,"16":0,"17":0,"18":0,"19":0,"20":0,"21":0},"b":{"0":[1,0],"1":[0,0],"2":[0,0],"3":[0,0],"4":[0,0],"5":[0,3],"6":[3,0],"7":[3,3],"8":[0,0],"9":[2,2],"10":[0,2],"11":[0,0],"12":[0,0],"13":[0,0,0],"14":[0,0],"15":[0,0],"16":[0,0],"17":[0,0],"18":[0,0],"19":[0,0],"20":[0,0],"21":[0,0,0],"22":[0,0],"23":[0,0],"24":[0,0],"25":[0,0,0,0,0,0,0],"26":[0,0,0,0,0],"27":[0,0],"28":[0,0],"29":[0,0],"30":[0,0],"31":[0,0],"32":[0,0],"33":[0,0],"34":[0,0],"35":[0,0],"36":[0,0],"37":[0,0],"38":[0,0,0],"39":[0,0],"40":[0,0,0,0],"41":[0,3],"42":[0,0],"43":[0,3],"44":[3,1],"45":[0,3],"46":[0,3],"47":[0,0],"48":[0,3],"49":[0,3],"50":[0,0],"51":[0,0],"52":[0,0],"53":[0,0,0],"54":[0,3],"55":[3,0],"56":[0,0],"57":[2,1],"58":[0,3],"59":[2,1],"60":[0,3],"61":[0,0],"62":[0,3],"63":[0,0],"64":[0,0],"65":[0,0],"66":[0,0],"67":[0,0],"68":[0,0],"69":[0,0],"70":[0,0],"71":[0,0],"72":[0,0],"73":[0,0],"74":[0,0],"75":[0,0],"76":[0,0],"77":[0,0],"78":[0,0],"79":[0,0,0,0,0,0,0],"80":[0,0],"81":[0,0],"82":[0,0],"83":[0,0],"84":[0,0],"85":[0,0],"86":[0,0],"87":[0,0],"88":[0,0]}}
,"/home/victory/Desktop/OSS/ambianic-subscriptions/docs/src/index.js": {"path":"/home/victory/Desktop/OSS/ambianic-subscriptions/docs/src/index.js","statementMap":{"0":{"start":{"line":15,"column":0},"end":{"line":15,"column":null}},"1":{"start":{"line":16,"column":0},"end":{"line":16,"column":null}}},"fnMap":{},"branchMap":{},"s":{"0":1,"1":1},"f":{},"b":{}}
,"/home/victory/Desktop/OSS/ambianic-subscriptions/docs/src/api/DefaultApi.js": {"path":"/home/victory/Desktop/OSS/ambianic-subscriptions/docs/src/api/DefaultApi.js","statementMap":{"0":{"start":{"line":15,"column":0},"end":{"line":15,"column":null}},"1":{"start":{"line":31,"column":27},"end":{"line":31,"column":null}},"2":{"start":{"line":32,"column":8},"end":{"line":32,"column":13}},"3":{"start":{"line":50,"column":6},"end":{"line":50,"column":10}},"4":{"start":{"line":51,"column":21},"end":{"line":51,"column":null}},"5":{"start":{"line":53,"column":23},"end":{"line":53,"column":null}},"6":{"start":{"line":55,"column":24},"end":{"line":55,"column":null}},"7":{"start":{"line":57,"column":25},"end":{"line":57,"column":null}},"8":{"start":{"line":59,"column":23},"end":{"line":59,"column":null}},"9":{"start":{"line":62,"column":22},"end":{"line":62,"column":null}},"10":{"start":{"line":63,"column":25},"end":{"line":63,"column":null}},"11":{"start":{"line":64,"column":20},"end":{"line":64,"column":21}},"12":{"start":{"line":65,"column":23},"end":{"line":65,"column":null}},"13":{"start":{"line":66,"column":22},"end":{"line":66,"column":23}},"14":{"start":{"line":67,"column":21},"end":{"line":67,"column":31}},"15":{"start":{"line":68,"column":6},"end":{"line":73,"column":null}},"16":{"start":{"line":69,"column":8},"end":{"line":71,"column":null}},"17":{"start":{"line":70,"column":10},"end":{"line":70,"column":16}},"18":{"start":{"line":72,"column":8},"end":{"line":72,"column":16}},"19":{"start":{"line":75,"column":6},"end":{"line":75,"column":13}},"20":{"start":{"line":96,"column":6},"end":{"line":96,"column":10}},"21":{"start":{"line":97,"column":21},"end":{"line":97,"column":null}},"22":{"start":{"line":99,"column":23},"end":{"line":99,"column":null}},"23":{"start":{"line":101,"column":24},"end":{"line":101,"column":null}},"24":{"start":{"line":103,"column":25},"end":{"line":103,"column":null}},"25":{"start":{"line":105,"column":23},"end":{"line":105,"column":null}},"26":{"start":{"line":108,"column":22},"end":{"line":108,"column":null}},"27":{"start":{"line":109,"column":25},"end":{"line":109,"column":null}},"28":{"start":{"line":110,"column":20},"end":{"line":110,"column":21}},"29":{"start":{"line":111,"column":23},"end":{"line":111,"column":null}},"30":{"start":{"line":112,"column":22},"end":{"line":112,"column":23}},"31":{"start":{"line":113,"column":21},"end":{"line":113,"column":31}},"32":{"start":{"line":114,"column":6},"end":{"line":119,"column":null}},"33":{"start":{"line":115,"column":8},"end":{"line":117,"column":null}},"34":{"start":{"line":116,"column":10},"end":{"line":116,"column":16}},"35":{"start":{"line":118,"column":8},"end":{"line":118,"column":16}},"36":{"start":{"line":121,"column":6},"end":{"line":121,"column":13}},"37":{"start":{"line":141,"column":6},"end":{"line":141,"column":10}},"38":{"start":{"line":142,"column":21},"end":{"line":142,"column":null}},"39":{"start":{"line":144,"column":23},"end":{"line":144,"column":null}},"40":{"start":{"line":146,"column":24},"end":{"line":146,"column":null}},"41":{"start":{"line":148,"column":25},"end":{"line":148,"column":null}},"42":{"start":{"line":150,"column":23},"end":{"line":150,"column":null}},"43":{"start":{"line":153,"column":22},"end":{"line":153,"column":null}},"44":{"start":{"line":154,"column":25},"end":{"line":154,"column":null}},"45":{"start":{"line":155,"column":20},"end":{"line":155,"column":null}},"46":{"start":{"line":156,"column":23},"end":{"line":156,"column":null}},"47":{"start":{"line":157,"column":22},"end":{"line":157,"column":23}},"48":{"start":{"line":158,"column":21},"end":{"line":158,"column":31}},"49":{"start":{"line":159,"column":6},"end":{"line":164,"column":null}},"50":{"start":{"line":160,"column":8},"end":{"line":162,"column":null}},"51":{"start":{"line":161,"column":10},"end":{"line":161,"column":16}},"52":{"start":{"line":163,"column":8},"end":{"line":163,"column":16}},"53":{"start":{"line":166,"column":6},"end":{"line":166,"column":13}}},"fnMap":{"0":{"name":"DefaultApi","decl":{"start":{"line":31,"column":4},"end":{"line":31,"column":16}},"loc":{"start":{"line":31,"column":27},"end":{"line":33,"column":null}}},"1":{"name":"cancelSubscriptionPost","decl":{"start":{"line":49,"column":4},"end":{"line":49,"column":27}},"loc":{"start":{"line":49,"column":43},"end":{"line":80,"column":null}}},"2":{"name":"createStripeSubscriberPost","decl":{"start":{"line":95,"column":4},"end":{"line":95,"column":31}},"loc":{"start":{"line":95,"column":47},"end":{"line":126,"column":null}}},"3":{"name":"netlifyFunctionsGetCustomersGet","decl":{"start":{"line":140,"column":4},"end":{"line":140,"column":36}},"loc":{"start":{"line":140,"column":52},"end":{"line":171,"column":null}}}},"branchMap":{"0":{"loc":{"start":{"line":32,"column":25},"end":{"line":32,"column":34}},"type":"binary-expr","locations":[{"start":{"line":32,"column":25},"end":{"line":32,"column":34}},{"start":{"line":32,"column":38},"end":{"line":32,"column":null}}]},"1":{"loc":{"start":{"line":50,"column":13},"end":{"line":50,"column":17}},"type":"binary-expr","locations":[{"start":{"line":50,"column":13},"end":{"line":50,"column":17}},{"start":{"line":50,"column":21},"end":{"line":50,"column":null}}]},"2":{"loc":{"start":{"line":68,"column":6},"end":{"line":73,"column":null}},"type":"if","locations":[{"start":{"line":68,"column":6},"end":{"line":73,"column":null}},{"start":{"line":68,"column":6},"end":{"line":73,"column":null}}]},"3":{"loc":{"start":{"line":69,"column":8},"end":{"line":71,"column":null}},"type":"if","locations":[{"start":{"line":69,"column":8},"end":{"line":71,"column":null}},{"start":{"line":69,"column":8},"end":{"line":71,"column":null}}]},"4":{"loc":{"start":{"line":69,"column":12},"end":{"line":69,"column":61}},"type":"binary-expr","locations":[{"start":{"line":69,"column":12},"end":{"line":69,"column":61}},{"start":{"line":69,"column":61},"end":{"line":69,"column":92}}]},"5":{"loc":{"start":{"line":96,"column":13},"end":{"line":96,"column":17}},"type":"binary-expr","locations":[{"start":{"line":96,"column":13},"end":{"line":96,"column":17}},{"start":{"line":96,"column":21},"end":{"line":96,"column":null}}]},"6":{"loc":{"start":{"line":114,"column":6},"end":{"line":119,"column":null}},"type":"if","locations":[{"start":{"line":114,"column":6},"end":{"line":119,"column":null}},{"start":{"line":114,"column":6},"end":{"line":119,"column":null}}]},"7":{"loc":{"start":{"line":115,"column":8},"end":{"line":117,"column":null}},"type":"if","locations":[{"start":{"line":115,"column":8},"end":{"line":117,"column":null}},{"start":{"line":115,"column":8},"end":{"line":117,"column":null}}]},"8":{"loc":{"start":{"line":115,"column":12},"end":{"line":115,"column":61}},"type":"binary-expr","locations":[{"start":{"line":115,"column":12},"end":{"line":115,"column":61}},{"start":{"line":115,"column":61},"end":{"line":115,"column":92}}]},"9":{"loc":{"start":{"line":141,"column":13},"end":{"line":141,"column":17}},"type":"binary-expr","locations":[{"start":{"line":141,"column":13},"end":{"line":141,"column":17}},{"start":{"line":141,"column":21},"end":{"line":141,"column":null}}]},"10":{"loc":{"start":{"line":159,"column":6},"end":{"line":164,"column":null}},"type":"if","locations":[{"start":{"line":159,"column":6},"end":{"line":164,"column":null}},{"start":{"line":159,"column":6},"end":{"line":164,"column":null}}]},"11":{"loc":{"start":{"line":160,"column":8},"end":{"line":162,"column":null}},"type":"if","locations":[{"start":{"line":160,"column":8},"end":{"line":162,"column":null}},{"start":{"line":160,"column":8},"end":{"line":162,"column":null}}]},"12":{"loc":{"start":{"line":160,"column":12},"end":{"line":160,"column":61}},"type":"binary-expr","locations":[{"start":{"line":160,"column":12},"end":{"line":160,"column":61}},{"start":{"line":160,"column":61},"end":{"line":160,"column":92}}]}},"s":{"0":1,"1":3,"2":3,"3":1,"4":1,"5":1,"6":1,"7":1,"8":1,"9":1,"10":1,"11":1,"12":1,"13":1,"14":1,"15":1,"16":0,"17":0,"18":0,"19":1,"20":1,"21":1,"22":1,"23":1,"24":1,"25":1,"26":1,"27":1,"28":1,"29":1,"30":1,"31":1,"32":1,"33":0,"34":0,"35":0,"36":1,"37":1,"38":1,"39":1,"40":1,"41":1,"42":1,"43":1,"44":1,"45":1,"46":1,"47":1,"48":1,"49":1,"50":0,"51":0,"52":0,"53":1},"f":{"0":3,"1":1,"2":1,"3":1},"b":{"0":[3,3],"1":[1,0],"2":[0,1],"3":[0,0],"4":[0,0],"5":[1,0],"6":[0,1],"7":[0,0],"8":[0,0],"9":[1,0],"10":[0,1],"11":[0,0],"12":[0,0]}}
}
